  linear_regression.c
D:\work_space\AIMS\stuff_from_scratch\linear_regression\include\csv_parser.h(24,4): warning C4996: 'strncpy': This function or variable may be unsafe. Consider using strncpy_s instead. To disable deprecation, use _CRT_SECURE_NO_WARNINGS. See online help for details.
  (compiling source file 'linear_regression.c')
  
D:\work_space\AIMS\stuff_from_scratch\linear_regression\include\csv_parser.h(119,9): warning C4477: 'printf' : format string '%lu' requires an argument of type 'unsigned long', but variadic argument 1 has type 'size_t'
  (compiling source file 'linear_regression.c')
      D:\work_space\AIMS\stuff_from_scratch\linear_regression\include\csv_parser.h(119,9):
      consider using '%zu' in the format string
  
D:\work_space\AIMS\stuff_from_scratch\linear_regression\include\csv_parser.h(119,9): warning C4477: 'printf' : format string '%lu' requires an argument of type 'unsigned long', but variadic argument 2 has type 'size_t'
  (compiling source file 'linear_regression.c')
      D:\work_space\AIMS\stuff_from_scratch\linear_regression\include\csv_parser.h(119,9):
      consider using '%zu' in the format string
  
D:\work_space\AIMS\stuff_from_scratch\linear_regression\include\csv_parser.h(123,11): warning C4477: 'printf' : format string '%lu' requires an argument of type 'unsigned long', but variadic argument 1 has type 'size_t'
  (compiling source file 'linear_regression.c')
      D:\work_space\AIMS\stuff_from_scratch\linear_regression\include\csv_parser.h(123,11):
      consider using '%zu' in the format string
  
D:\work_space\AIMS\stuff_from_scratch\linear_regression\include\csv_parser.h(123,11): warning C4477: 'printf' : format string '%lu' requires an argument of type 'unsigned long', but variadic argument 2 has type 'size_t'
  (compiling source file 'linear_regression.c')
      D:\work_space\AIMS\stuff_from_scratch\linear_regression\include\csv_parser.h(123,11):
      consider using '%zu' in the format string
  
D:\work_space\AIMS\stuff_from_scratch\linear_regression\linear_regression.c(77,9): warning C4778: 'printf' : unterminated format string '%\n'
  linear_regression.vcxproj -> D:\work_space\AIMS\stuff_from_scratch\linear_regression\x64\Debug\linear_regression.exe
